[debug] [2018-12-07T01:25:37.365Z] ----------------------------------------------------------------------
[debug] [2018-12-07T01:25:37.371Z] Command:       C:\Program Files\nodejs\node.exe C:\Users\Administrator\AppData\Roaming\npm\node_modules\firebase-tools\bin\firebase serve
[debug] [2018-12-07T01:25:37.371Z] CLI Version:   5.1.1
[debug] [2018-12-07T01:25:37.371Z] Platform:      win32
[debug] [2018-12-07T01:25:37.371Z] Node Version:  v8.12.0
[debug] [2018-12-07T01:25:37.373Z] Time:          Fri Dec 07 2018 10:25:37 GMT+0900 (대한민국 표준시)
[debug] [2018-12-07T01:25:37.374Z] ----------------------------------------------------------------------
[debug] 
[debug] [2018-12-07T01:25:37.403Z] > command requires scopes: ["email","openid","https://www.googleapis.com/auth/cloudplatformprojects.readonly","https://www.googleapis.com/auth/firebase","https://www.googleapis.com/auth/cloud-platform"]
[debug] [2018-12-07T01:25:37.404Z] > authorizing via signed-in user
[debug] [2018-12-07T01:25:37.405Z] [iam] checking project yune-puppy for permissions ["firebase.projects.get"]
[debug] [2018-12-07T01:25:37.410Z] > refreshing access token with scopes: ["email","https://www.googleapis.com/auth/cloud-platform","https://www.googleapis.com/auth/cloudplatformprojects.readonly","https://www.googleapis.com/auth/firebase","openid"]
[debug] [2018-12-07T01:25:37.410Z] >>> HTTP REQUEST POST https://www.googleapis.com/oauth2/v3/token  
 <request body omitted>
[debug] [2018-12-07T01:25:37.970Z] <<< HTTP RESPONSE 200
[debug] [2018-12-07T01:25:37.985Z] >>> HTTP REQUEST POST https://cloudresourcemanager.googleapis.com/v1/projects/yune-puppy:testIamPermissions  

[debug] [2018-12-07T01:25:39.201Z] <<< HTTP RESPONSE 200
[debug] [2018-12-07T01:25:39.205Z] >>> HTTP REQUEST GET https://cloudresourcemanager.googleapis.com/v1/projects/yune-puppy  
 
[debug] [2018-12-07T01:25:40.396Z] <<< HTTP RESPONSE 200
[info] 
[info] === Serving from 'D:\fbroot\puppy'...
[info] 
[debug] [2018-12-07T01:25:40.403Z] >>> HTTP REQUEST GET https://mobilesdk-pa.googleapis.com/v1/projects/413099070956/clients/_:getWebAppConfig  
 
[debug] [2018-12-07T01:25:41.085Z] <<< HTTP RESPONSE 200
[warn] !  hosting: Port 5000 is not available. Trying another port...
[info] i  hosting: Serving hosting files from: public
[info] +  hosting: Local server: http://localhost:5005
[debug] [2018-12-07T01:56:57.813Z] ----------------------------------------------------------------------
[debug] [2018-12-07T01:56:57.824Z] Command:       C:\Program Files\nodejs\node.exe C:\Users\Administrator\AppData\Roaming\npm\node_modules\firebase-tools\bin\firebase serve
[debug] [2018-12-07T01:56:57.825Z] CLI Version:   5.1.1
[debug] [2018-12-07T01:56:57.825Z] Platform:      win32
[debug] [2018-12-07T01:56:57.825Z] Node Version:  v8.12.0
[debug] [2018-12-07T01:56:57.830Z] Time:          Fri Dec 07 2018 10:56:57 GMT+0900 (대한민국 표준시)
[debug] [2018-12-07T01:56:57.831Z] ----------------------------------------------------------------------
[debug] 
[debug] [2018-12-07T01:56:57.906Z] > command requires scopes: ["email","openid","https://www.googleapis.com/auth/cloudplatformprojects.readonly","https://www.googleapis.com/auth/firebase","https://www.googleapis.com/auth/cloud-platform"]
[debug] [2018-12-07T01:56:57.908Z] > authorizing via signed-in user
[debug] [2018-12-07T01:56:57.909Z] [iam] checking project yune-puppy for permissions ["firebase.projects.get"]
[debug] [2018-12-07T01:56:57.918Z] >>> HTTP REQUEST POST https://cloudresourcemanager.googleapis.com/v1/projects/yune-puppy:testIamPermissions  

[debug] [2018-12-07T01:56:59.588Z] <<< HTTP RESPONSE 200
[debug] [2018-12-07T01:56:59.592Z] >>> HTTP REQUEST GET https://cloudresourcemanager.googleapis.com/v1/projects/yune-puppy  
 
[debug] [2018-12-07T01:57:00.762Z] <<< HTTP RESPONSE 200
[info] 
[info] === Serving from 'D:\fbroot\puppy'...
[info] 
[debug] [2018-12-07T01:57:00.768Z] >>> HTTP REQUEST GET https://mobilesdk-pa.googleapis.com/v1/projects/413099070956/clients/_:getWebAppConfig  
 
[debug] [2018-12-07T01:57:01.392Z] <<< HTTP RESPONSE 200
[warn] !  hosting: Port 5000 is not available. Trying another port...
[warn] !  hosting: Port 5000 is not available. Trying another port...
[info] i  hosting: Serving hosting files from: public
[info] +  hosting: Local server: http://localhost:5010
